<?xml version="1.0" encoding="UTF-8"?>
<!-- Generated by org.testng.reporters.JUnitXMLReporter -->
<testsuite hostname="DESKTOP-RAH6IHC" ignored="0" name="emulator-5556" tests="1" failures="1" timestamp="2022-12-11T12:50:04 ICT" time="25.959" errors="0">
  <testcase name="testWebview" time="25.417" classname="src.tests.webview.WebviewTest">
    <failure type="io.appium.java_client.NoSuchContextException" message="An unknown server-side error occurred while processing the command. Original error: No Chromedriver found that can automate Chrome &amp;apos;103.0.5060&amp;apos;. You could also try to enable automated chromedrivers download server feature. See https://github.com/appium/appium/blob/master/docs/en/writing-running-appium/web/chromedriver.md for more details
Build info: version: &amp;apos;unknown&amp;apos;, revision: &amp;apos;unknown&amp;apos;, time: &amp;apos;unknown&amp;apos;
System info: host: &amp;apos;DESKTOP-RAH6IHC&amp;apos;, ip: &amp;apos;192.168.1.7&amp;apos;, os.name: &amp;apos;Windows 10&amp;apos;, os.arch: &amp;apos;amd64&amp;apos;, os.version: &amp;apos;10.0&amp;apos;, java.version: &amp;apos;1.8.0_351&amp;apos;
Driver info: io.appium.java_client.android.AndroidDriver
Capabilities {appActivity: com.wdiodemoapp.MainActivity, appPackage: com.wdiodemoapp, automationName: uiautomator2, databaseEnabled: false, desired: {appActivity: com.wdiodemoapp.MainActivity, appPackage: com.wdiodemoapp, automationName: uiautomator2, platformName: android, server:CONFIG_UUID: fe0fae99-5e60-4eb2-afea-412..., systemPort: 9161, udid: emulator-5556}, deviceApiLevel: 33, deviceManufacturer: Google, deviceModel: sdk_gphone64_x86_64, deviceName: emulator-5556, deviceScreenDensity: 440, deviceScreenSize: 1080x2220, deviceUDID: emulator-5556, javascriptEnabled: true, locationContextEnabled: false, networkConnectionEnabled: true, pixelRatio: 2.75, platform: LINUX, platformName: android, platformVersion: 13, server:CONFIG_UUID: fe0fae99-5e60-4eb2-afea-412..., statBarHeight: 66, systemPort: 9161, takesScreenshot: true, udid: emulator-5556, viewportRect: {height: 2022, left: 0, top: 66, width: 1080}, warnings: {}, webStorageEnabled: false}
Session ID: abe27166-92ab-4469-a900-4487a6e43fb3">
      <![CDATA[io.appium.java_client.NoSuchContextException: An unknown server-side error occurred while processing the command. Original error: No Chromedriver found that can automate Chrome '103.0.5060'. You could also try to enable automated chromedrivers download server feature. See https://github.com/appium/appium/blob/master/docs/en/writing-running-appium/web/chromedriver.md for more details
Build info: version: 'unknown', revision: 'unknown', time: 'unknown'
System info: host: 'DESKTOP-RAH6IHC', ip: '192.168.1.7', os.name: 'Windows 10', os.arch: 'amd64', os.version: '10.0', java.version: '1.8.0_351'
Driver info: io.appium.java_client.android.AndroidDriver
Capabilities {appActivity: com.wdiodemoapp.MainActivity, appPackage: com.wdiodemoapp, automationName: uiautomator2, databaseEnabled: false, desired: {appActivity: com.wdiodemoapp.MainActivity, appPackage: com.wdiodemoapp, automationName: uiautomator2, platformName: android, server:CONFIG_UUID: fe0fae99-5e60-4eb2-afea-412..., systemPort: 9161, udid: emulator-5556}, deviceApiLevel: 33, deviceManufacturer: Google, deviceModel: sdk_gphone64_x86_64, deviceName: emulator-5556, deviceScreenDensity: 440, deviceScreenSize: 1080x2220, deviceUDID: emulator-5556, javascriptEnabled: true, locationContextEnabled: false, networkConnectionEnabled: true, pixelRatio: 2.75, platform: LINUX, platformName: android, platformVersion: 13, server:CONFIG_UUID: fe0fae99-5e60-4eb2-afea-412..., statBarHeight: 66, systemPort: 9161, takesScreenshot: true, udid: emulator-5556, viewportRect: {height: 2022, left: 0, top: 66, width: 1080}, warnings: {}, webStorageEnabled: false}
Session ID: abe27166-92ab-4469-a900-4487a6e43fb3
at io.appium.java_client.AppiumDriver.context(AppiumDriver.java:232)
at src.tests.webview.WebviewTest.testWebview(WebviewTest.java:33)
at java.util.ArrayList.forEach(ArrayList.java:1259)
at java.util.concurrent.FutureTask.run(FutureTask.java:266)
at java.util.concurrent.ThreadPoolExecutor.runWorker(ThreadPoolExecutor.java:1149)
at java.util.concurrent.ThreadPoolExecutor$Worker.run(ThreadPoolExecutor.java:624)
at java.lang.Thread.run(Thread.java:750)
Caused by: org.openqa.selenium.WebDriverException: An unknown server-side error occurred while processing the command. Original error: No Chromedriver found that can automate Chrome '103.0.5060'. You could also try to enable automated chromedrivers download server feature. See https://github.com/appium/appium/blob/master/docs/en/writing-running-appium/web/chromedriver.md for more details
Build info: version: 'unknown', revision: 'unknown', time: 'unknown'
System info: host: 'DESKTOP-RAH6IHC', ip: '192.168.1.7', os.name: 'Windows 10', os.arch: 'amd64', os.version: '10.0', java.version: '1.8.0_351'
Driver info: io.appium.java_client.android.AndroidDriver
Capabilities {appActivity: com.wdiodemoapp.MainActivity, appPackage: com.wdiodemoapp, automationName: uiautomator2, databaseEnabled: false, desired: {appActivity: com.wdiodemoapp.MainActivity, appPackage: com.wdiodemoapp, automationName: uiautomator2, platformName: android, server:CONFIG_UUID: fe0fae99-5e60-4eb2-afea-412..., systemPort: 9161, udid: emulator-5556}, deviceApiLevel: 33, deviceManufacturer: Google, deviceModel: sdk_gphone64_x86_64, deviceName: emulator-5556, deviceScreenDensity: 440, deviceScreenSize: 1080x2220, deviceUDID: emulator-5556, javascriptEnabled: true, locationContextEnabled: false, networkConnectionEnabled: true, pixelRatio: 2.75, platform: LINUX, platformName: android, platformVersion: 13, server:CONFIG_UUID: fe0fae99-5e60-4eb2-afea-412..., statBarHeight: 66, systemPort: 9161, takesScreenshot: true, udid: emulator-5556, viewportRect: {height: 2022, left: 0, top: 66, width: 1080}, warnings: {}, webStorageEnabled: false}
Session ID: abe27166-92ab-4469-a900-4487a6e43fb3
at org.openqa.selenium.remote.http.W3CHttpResponseCodec.createException(W3CHttpResponseCodec.java:187)
at org.openqa.selenium.remote.http.W3CHttpResponseCodec.decode(W3CHttpResponseCodec.java:122)
at org.openqa.selenium.remote.http.W3CHttpResponseCodec.decode(W3CHttpResponseCodec.java:49)
at org.openqa.selenium.remote.HttpCommandExecutor.execute(HttpCommandExecutor.java:158)
at io.appium.java_client.remote.AppiumCommandExecutor.execute(AppiumCommandExecutor.java:250)
at org.openqa.selenium.remote.RemoteWebDriver.execute(RemoteWebDriver.java:552)
at io.appium.java_client.DefaultGenericMobileDriver.execute(DefaultGenericMobileDriver.java:41)
at io.appium.java_client.AppiumDriver.execute(AppiumDriver.java:1)
at io.appium.java_client.android.AndroidDriver.execute(AndroidDriver.java:1)
at io.appium.java_client.AppiumDriver.context(AppiumDriver.java:229)
... 24 more
... Removed 22 stack frames]]>
    </failure>
  </testcase> <!-- testWebview -->
</testsuite> <!-- emulator-5556 -->
